<?xml version="1.0" encoding="UTF-8"?><testsuites><testsuite name="loginSubmitModelFoo user tests" tests="1" failures="0" time="0.003"><testcase name="test mojit model" time="0"></testcase></testsuite><testsuite name="loginSubmit user tests" tests="1" failures="1" time="0"><testcase name="test mojit" time="0"><failure message="Values should be the same.
Expected: ./index.css (string)
Actual: undefined (undefined)"><![CDATA[Values should be the same.
Expected: ./index.css (string)
Actual: undefined (undefined)]]></failure></testcase></testsuite><testsuite name="UserAreaModelFoo user tests" tests="1" failures="0" time="0"><testcase name="test mojit model" time="0"></testcase></testsuite><testsuite name="UserArea user tests" tests="1" failures="1" time="0.003"><testcase name="test mojit" time="0.001"><failure message="Values should be the same.
Expected: ./index.css (string)
Actual: undefined (undefined)"><![CDATA[Values should be the same.
Expected: ./index.css (string)
Actual: undefined (undefined)]]></failure></testcase></testsuite><testsuite name="StoryAreaModelFoo user tests" tests="1" failures="0" time="0"><testcase name="test mojit model" time="0"></testcase></testsuite><testsuite name="StoryArea user tests" tests="1" failures="0" time="0"><testcase name="test mojit" time="0"></testcase></testsuite><testsuite name="ContentVideoModelFoo user tests" tests="1" failures="0" time="0"><testcase name="test mojit model" time="0"></testcase></testsuite><testsuite name="ContentVideo user tests" tests="1" failures="0" time="0.003"><testcase name="test mojit" time="0"></testcase></testsuite><testsuite name="ContentTextModelFoo user tests" tests="1" failures="0" time="0.003"><testcase name="test mojit model" time="0.001"></testcase></testsuite><testsuite name="ContentText user tests" tests="1" failures="1" time="0.016"><testcase name="test mojit" time="0.007"><failure message="Unexpected error: Cannot call method &apos;get&apos; of undefined"><![CDATA[Unexpected error: Cannot call method 'get' of undefined]]></failure></testcase></testsuite><testsuite name="ContentModelFoo user tests" tests="1" failures="0" time="0"><testcase name="test mojit model" time="0"></testcase></testsuite><testsuite name="ContentImgModelFoo user tests" tests="1" failures="0" time="0"><testcase name="test mojit model" time="0"></testcase></testsuite><testsuite name="ContentImg user tests" tests="1" failures="0" time="0"><testcase name="test mojit" time="0"></testcase></testsuite><testsuite name="Content user tests" tests="1" failures="1" time="0.003"><testcase name="test mojit" time="0.001"><failure message="Unexpected error: Cannot call method &apos;execute&apos; of undefined"><![CDATA[Unexpected error: Cannot call method 'execute' of undefined]]></failure></testcase></testsuite><testsuite name="BodyModelFoo user tests" tests="1" failures="0" time="0"><testcase name="test mojit model" time="0"></testcase></testsuite><testsuite name="Body user tests" tests="1" failures="1" time="0.005"><testcase name="test mojit" time="0.002"><failure message="Unexpected error: Cannot call method &apos;done&apos; of undefined"><![CDATA[Unexpected error: Cannot call method 'done' of undefined]]></failure></testcase></testsuite><testsuite name="AppAreaModelFoo user tests" tests="1" failures="0" time="0"><testcase name="test mojit model" time="0"></testcase></testsuite><testsuite name="AppArea user tests" tests="1" failures="1" time="0.003"><testcase name="test mojit" time="0"><failure message="Values should be the same.
Expected: ./index.css (string)
Actual: undefined (undefined)"><![CDATA[Values should be the same.
Expected: ./index.css (string)
Actual: undefined (undefined)]]></failure></testcase></testsuite></testsuites>